<?xml version="1.0" encoding="UTF-8"?>
<!-- Generated by org.testng.reporters.JUnitReportReporter -->
<testsuite hostname="DESKTOP-I6C8TNF" failures="0" tests="1" name="com.rp.affordable.testCases.TC_LoginTest_001" time="9.130" errors="0" timestamp="26 Dec 2018 15:42:43 GMT" skipped="0">
  <testcase classname="com.rp.affordable.testCases.TC_LoginTest_001" name="loginTest" time="9.130"/>
</testsuite> <!-- com.rp.affordable.testCases.TC_LoginTest_001 -->
