<?xml version="1.0" encoding="UTF-8"?>
<!-- Generated by org.testng.reporters.JUnitReportReporter -->
<testsuite hostname="DESKTOP-I6C8TNF" failures="0" tests="1" name="com.rp.affordable.testCases.TC_LoginTest_001" time="12.189" errors="0" timestamp="27 Dec 2018 16:46:53 GMT" skipped="0">
  <testcase classname="com.rp.affordable.testCases.TC_LoginTest_001" name="loginTest" time="12.189"/>
</testsuite> <!-- com.rp.affordable.testCases.TC_LoginTest_001 -->
